nohup: ignoring input
Loading required package: xts
Loading required package: zoo

Attaching package: ‘zoo’

The following objects are masked from ‘package:base’:

    as.Date, as.Date.numeric

Loading required package: TTR
Registered S3 method overwritten by 'quantmod':
  method            from
  as.zoo.data.frame zoo 

Attaching package: ‘PerformanceAnalytics’

The following objects are masked from ‘package:e1071’:

    kurtosis, skewness

The following object is masked from ‘package:graphics’:

    legend


Attaching package: ‘lubridate’

The following objects are masked from ‘package:base’:

    date, intersect, setdiff, union

Registering fonts with R
── Attaching packages ─────────────────────────────────────── tidyverse 1.3.1 ──
✔ ggplot2 3.3.6     ✔ purrr   0.3.4
✔ tibble  3.1.7     ✔ dplyr   1.0.9
✔ tidyr   1.2.0     ✔ stringr 1.4.0
✔ readr   2.1.2     ✔ forcats 0.5.1
── Conflicts ────────────────────────────────────────── tidyverse_conflicts() ──
✖ lubridate::as.difftime() masks base::as.difftime()
✖ lubridate::date()        masks base::date()
✖ dplyr::filter()          masks stats::filter()
✖ dplyr::first()           masks xts::first()
✖ lubridate::intersect()   masks base::intersect()
✖ dplyr::lag()             masks stats::lag()
✖ dplyr::last()            masks xts::last()
✖ lubridate::setdiff()     masks base::setdiff()
✖ lubridate::union()       masks base::union()

Attaching package: ‘foreach’

The following objects are masked from ‘package:purrr’:

    accumulate, when

Loading required package: future
[1] "fetching price..."
[1] "2022-10-10 19:41:00 IST"
Warning messages:
1: In rbind(deparse.level, ...) :
  number of columns of result, 6, is not a multiple of vector length 5 of arg 2
2: In rbind(deparse.level, ...) :
  number of columns of result, 6, is not a multiple of vector length 5 of arg 2
3: In rbind(deparse.level, ...) :
  number of columns of result, 6, is not a multiple of vector length 5 of arg 2
4: In rbind(deparse.level, ...) :
  number of columns of result, 6, is not a multiple of vector length 5 of arg 2
5: In rbind(deparse.level, ...) :
  number of columns of result, 6, is not a multiple of vector length 5 of arg 2
Warning message:
NAs introduced by coercion 
